<?xml version="1.0" encoding="UTF-8"?>
<testsuite name="com.example.opt_1.model.LocationTrackerTest" tests="1" skipped="0" failures="0" errors="0" timestamp="2023-11-24T11:40:50" hostname="SAMU" time="0.004">
  <properties/>
  <testcase name="calculateDistanceWithNegativeCoordinates" classname="com.example.opt_1.model.LocationTrackerTest" time="0.004"/>
  <system-out><![CDATA[]]></system-out>
  <system-err><![CDATA[]]></system-err>
</testsuite>
