<?xml version="1.0" encoding="UTF-8"?>
<testsuite name="com.example.opt_1.model.LocationTrackerTest" tests="1" skipped="0" failures="0" errors="0" timestamp="2023-11-21T16:58:57" hostname="ryyzen" time="0.015">
  <properties/>
  <testcase name="calculateDistance" classname="com.example.opt_1.model.LocationTrackerTest" time="0.015"/>
  <system-out><![CDATA[]]></system-out>
  <system-err><![CDATA[]]></system-err>
</testsuite>
