<?xml version='1.0' encoding='UTF-8' ?>
<testsuite name="com.example.opt_1.view.TimerLogoutTest" tests="1" failures="0" errors="0" skipped="0" time="18.956" timestamp="2023-11-21T16:53:03" hostname="localhost">
  <properties>
    <property name="device" value="Pixel_3a_API_31(AVD) - 12" />
    <property name="flavor" value="" />
    <property name="project" value=":app" />
  </properties>
  <testcase name="timerLogoutTest" classname="com.example.opt_1.view.TimerLogoutTest" time="17.937" />
</testsuite>